This is pdfTeX, Version 3.141592653-2.6-1.40.24 (MiKTeX 22.10) (preloaded format=pdflatex 2022.11.15)  18 JAN 2023 15:47
entering extended mode
 restricted \write18 enabled.
 file:line:error style messages enabled.
 %&-line parsing enabled.
**"c:/Users/scheu/Downloads/IEEE-LaTeX/IEEE-LaTeX/Andreas Scheuer 3849139.tex"
(c:/Users/scheu/Downloads/IEEE-LaTeX/IEEE-LaTeX/Andreas Scheuer 3849139.tex
LaTeX2e <2022-06-01> patch level 5
L3 programming layer <2022-09-28> (IEEEtran.cls
Document Class: IEEEtran 2014/09/17 V1.8a by Michael Shell
-- See the "IEEEtran_HOWTO" manual for usage information.
-- http://www.michaelshell.org/tex/ieeetran/
\@IEEEtrantmpdimenA=\dimen138
\@IEEEtrantmpdimenB=\dimen139
\@IEEEtrantmpdimenC=\dimen140
\@IEEEtrantmpcountA=\count185
\@IEEEtrantmpcountB=\count186
\@IEEEtrantmpcountC=\count187
\@IEEEtrantmptoksA=\toks16
LaTeX Font Info:    Trying to load font information for OT1+ptm on input line 458.
(C:\Users\scheu\AppData\Local\Programs\MiKTeX\tex/latex/psnfss\ot1ptm.fd
File: ot1ptm.fd 2001/06/04 font definitions for OT1/ptm.
)
-- Using 210mm x 297mm (a4) paper.
-- Using PDF output.
\@IEEEnormalsizeunitybaselineskip=\dimen141
-- This is a 10 point document.
\CLASSINFOnormalsizebaselineskip=\dimen142
\CLASSINFOnormalsizeunitybaselineskip=\dimen143
\IEEEnormaljot=\dimen144
LaTeX Font Info:    Font shape `OT1/ptm/bx/n' in size <5> not available
(Font)              Font shape `OT1/ptm/b/n' tried instead on input line 1039.
LaTeX Font Info:    Font shape `OT1/ptm/bx/it' in size <5> not available
(Font)              Font shape `OT1/ptm/b/it' tried instead on input line 1039.
LaTeX Font Info:    Font shape `OT1/ptm/bx/n' in size <7> not available
(Font)              Font shape `OT1/ptm/b/n' tried instead on input line 1039.
LaTeX Font Info:    Font shape `OT1/ptm/bx/it' in size <7> not available
(Font)              Font shape `OT1/ptm/b/it' tried instead on input line 1039.
LaTeX Font Info:    Font shape `OT1/ptm/bx/n' in size <8> not available
(Font)              Font shape `OT1/ptm/b/n' tried instead on input line 1039.
LaTeX Font Info:    Font shape `OT1/ptm/bx/it' in size <8> not available
(Font)              Font shape `OT1/ptm/b/it' tried instead on input line 1039.
LaTeX Font Info:    Font shape `OT1/ptm/bx/n' in size <9> not available
(Font)              Font shape `OT1/ptm/b/n' tried instead on input line 1039.
LaTeX Font Info:    Font shape `OT1/ptm/bx/it' in size <9> not available
(Font)              Font shape `OT1/ptm/b/it' tried instead on input line 1039.
LaTeX Font Info:    Font shape `OT1/ptm/bx/n' in size <10> not available
(Font)              Font shape `OT1/ptm/b/n' tried instead on input line 1039.
LaTeX Font Info:    Font shape `OT1/ptm/bx/it' in size <10> not available
(Font)              Font shape `OT1/ptm/b/it' tried instead on input line 1039.
LaTeX Font Info:    Font shape `OT1/ptm/bx/n' in size <11> not available
(Font)              Font shape `OT1/ptm/b/n' tried instead on input line 1039.
LaTeX Font Info:    Font shape `OT1/ptm/bx/it' in size <11> not available
(Font)              Font shape `OT1/ptm/b/it' tried instead on input line 1039.
LaTeX Font Info:    Font shape `OT1/ptm/bx/n' in size <12> not available
(Font)              Font shape `OT1/ptm/b/n' tried instead on input line 1039.
LaTeX Font Info:    Font shape `OT1/ptm/bx/it' in size <12> not available
(Font)              Font shape `OT1/ptm/b/it' tried instead on input line 1039.
LaTeX Font Info:    Font shape `OT1/ptm/bx/n' in size <17> not available
(Font)              Font shape `OT1/ptm/b/n' tried instead on input line 1039.
LaTeX Font Info:    Font shape `OT1/ptm/bx/it' in size <17> not available
(Font)              Font shape `OT1/ptm/b/it' tried instead on input line 1039.
LaTeX Font Info:    Font shape `OT1/ptm/bx/n' in size <20> not available
(Font)              Font shape `OT1/ptm/b/n' tried instead on input line 1039.
LaTeX Font Info:    Font shape `OT1/ptm/bx/it' in size <20> not available
(Font)              Font shape `OT1/ptm/b/it' tried instead on input line 1039.
LaTeX Font Info:    Font shape `OT1/ptm/bx/n' in size <24> not available
(Font)              Font shape `OT1/ptm/b/n' tried instead on input line 1039.
LaTeX Font Info:    Font shape `OT1/ptm/bx/it' in size <24> not available
(Font)              Font shape `OT1/ptm/b/it' tried instead on input line 1039.
\IEEEquantizedlength=\dimen145
\IEEEquantizedlengthdiff=\dimen146
\IEEEquantizedtextheightdiff=\dimen147
\IEEEilabelindentA=\dimen148
\IEEEilabelindentB=\dimen149
\IEEEilabelindent=\dimen150
\IEEEelabelindent=\dimen151
\IEEEdlabelindent=\dimen152
\IEEElabelindent=\dimen153
\IEEEiednormlabelsep=\dimen154
\IEEEiedmathlabelsep=\dimen155
\IEEEiedtopsep=\skip47
\c@section=\count188
\c@subsection=\count189
\c@subsubsection=\count190
\c@paragraph=\count191
\c@IEEEsubequation=\count192
\abovecaptionskip=\skip48
\belowcaptionskip=\skip49
\c@figure=\count193
\c@table=\count194
\@IEEEeqnnumcols=\count195
\@IEEEeqncolcnt=\count196
\@IEEEsubeqnnumrollback=\count197
\@IEEEquantizeheightA=\dimen156
\@IEEEquantizeheightB=\dimen157
\@IEEEquantizeheightC=\dimen158
\@IEEEquantizeprevdepth=\dimen159
\@IEEEquantizemultiple=\count198
\@IEEEquantizeboxA=\box51
\@IEEEtmpitemindent=\dimen160
\c@IEEEbiography=\count199
\@IEEEtranrubishbin=\box52
) (C:\Users\scheu\AppData\Local\Programs\MiKTeX\tex/latex/base\inputenc.sty
Package: inputenc 2021/02/14 v1.3d Input encoding file
\inpenc@prehook=\toks17
\inpenc@posthook=\toks18
) (C:\Users\scheu\AppData\Local\Programs\MiKTeX\tex/latex/base\textcomp.sty
Package: textcomp 2020/02/02 v2.0n Standard LaTeX package
) (C:\Users\scheu\AppData\Local\Programs\MiKTeX\tex/generic/babel\babel.sty
Package: babel 2022/10/04 3.81 The Babel package
\babel@savecnt=\count266
\U@D=\dimen161
\l@unhyphenated=\language79
 (C:\Users\scheu\AppData\Local\Programs\MiKTeX\tex/generic/babel\txtbabel.def)
\bbl@readstream=\read2
\bbl@dirlevel=\count267

*************************************
* Local config file bblopts.cfg used
*
(C:\Users\scheu\AppData\Local\Programs\MiKTeX\tex/latex/arabi\bblopts.cfg
File: bblopts.cfg 2005/09/08 v0.1 add Arabic and Farsi to "declared" options of babel
) (C:\Users\scheu\AppData\Local\Programs\MiKTeX\tex/latex/babel-german\ngerman.ldf
Language: ngerman 2021/02/27 v2.13 German support for babel (post-1996 orthography)
 (C:\Users\scheu\AppData\Local\Programs\MiKTeX\tex/latex/babel-german\ngermanb.ldf
Language: ngermanb 2021/02/27 v2.13 German support for babel (post-1996 orthography)
Package babel Info: Making " an active character on input line 122.
))) (C:\Users\scheu\AppData\Local\Programs\MiKTeX\tex/generic/babel/locale/de\babel-ngerman.tex
Package babel Info: Importing font and identification data for ngerman
(babel)             from babel-de.ini. Reported on input line 11.
) (C:\Users\scheu\AppData\Local\Programs\MiKTeX\tex/latex/tools\xspace.sty
Package: xspace 2014/10/28 v1.13 Space after command names (DPC,MH)
) (C:\Users\scheu\AppData\Local\Programs\MiKTeX\tex/latex/cite\cite.sty
LaTeX Info: Redefining \cite on input line 302.
LaTeX Info: Redefining \nocite on input line 332.
Package: cite 2015/02/27  v 5.5
) (C:\Users\scheu\AppData\Local\Programs\MiKTeX\tex/latex/footmisc\footmisc.sty
Package: footmisc 2022/03/08 v6.0d a miscellany of footnote facilities
\FN@temptoken=\toks19
\footnotemargin=\dimen162
\@outputbox@depth=\dimen163
Package footmisc Info: Declaring symbol style bringhurst on input line 695.
Package footmisc Info: Declaring symbol style chicago on input line 703.
Package footmisc Info: Declaring symbol style wiley on input line 712.
Package footmisc Info: Declaring symbol style lamport-robust on input line 723.
Package footmisc Info: Declaring symbol style lamport* on input line 743.
Package footmisc Info: Declaring symbol style lamport*-robust on input line 764.
) (C:\Users\scheu\AppData\Local\Programs\MiKTeX\tex/latex/booktabs\booktabs.sty
Package: booktabs 2020/01/12 v1.61803398 Publication quality tables
\heavyrulewidth=\dimen164
\lightrulewidth=\dimen165
\cmidrulewidth=\dimen166
\belowrulesep=\dimen167
\belowbottomsep=\dimen168
\aboverulesep=\dimen169
\abovetopsep=\dimen170
\cmidrulesep=\dimen171
\cmidrulekern=\dimen172
\defaultaddspace=\dimen173
\@cmidla=\count268
\@cmidlb=\count269
\@aboverulesep=\dimen174
\@belowrulesep=\dimen175
\@thisruleclass=\count270
\@lastruleclass=\count271
\@thisrulewidth=\dimen176
) (C:\Users\scheu\AppData\Local\Programs\MiKTeX\tex/latex/graphics\graphicx.sty
Package: graphicx 2021/09/16 v1.2d Enhanced LaTeX Graphics (DPC,SPQR)
 (C:\Users\scheu\AppData\Local\Programs\MiKTeX\tex/latex/graphics\keyval.sty
Package: keyval 2022/05/29 v1.15 key=value parser (DPC)
\KV@toks@=\toks20
) (C:\Users\scheu\AppData\Local\Programs\MiKTeX\tex/latex/graphics\graphics.sty
Package: graphics 2022/03/10 v1.4e Standard LaTeX Graphics (DPC,SPQR)
 (C:\Users\scheu\AppData\Local\Programs\MiKTeX\tex/latex/graphics\trig.sty
Package: trig 2021/08/11 v1.11 sin cos tan (DPC)
) (C:\Users\scheu\AppData\Local\Programs\MiKTeX\tex/latex/graphics-cfg\graphics.cfg
File: graphics.cfg 2016/06/04 v1.11 sample graphics configuration
)
Package graphics Info: Driver file: pdftex.def on input line 107.
 (C:\Users\scheu\AppData\Local\Programs\MiKTeX\tex/latex/graphics-def\pdftex.def
File: pdftex.def 2022/09/22 v1.2b Graphics/color driver for pdftex
\stockwidth=\dimen177
\stockheight=\dimen178
))
\Gin@req@height=\dimen179
\Gin@req@width=\dimen180
) (C:\Users\scheu\AppData\Local\Programs\MiKTeX\tex/latex/sttools\stfloats.sty
Package: stfloats 2017/03/27 v3.3 Improve float mechanism and baselineskip settings
\@dblbotnum=\count272
\c@dblbotnumber=\count273
) (C:\Users\scheu\AppData\Local\Programs\MiKTeX\tex/latex/url\url.sty
\Urlmuskip=\muskip16
Package: url 2013/09/16  ver 3.4  Verb mode for urls, etc.
) (C:\Users\scheu\AppData\Local\Programs\MiKTeX\tex/latex/l3backend\l3backend-pdftex.def
File: l3backend-pdftex.def 2022-09-28 L3 backend support: PDF output (pdfTeX)
\l__color_backend_stack_int=\count274
\l__pdf_internal_box=\box53
) (Andreas Scheuer 3849139.aux)
\openout1 = `"Andreas Scheuer 3849139.aux"'.

LaTeX Font Info:    Checking defaults for OML/cmm/m/it on input line 24.
LaTeX Font Info:    ... okay on input line 24.
LaTeX Font Info:    Checking defaults for OMS/cmsy/m/n on input line 24.
LaTeX Font Info:    ... okay on input line 24.
LaTeX Font Info:    Checking defaults for OT1/cmr/m/n on input line 24.
LaTeX Font Info:    ... okay on input line 24.
LaTeX Font Info:    Checking defaults for T1/cmr/m/n on input line 24.
LaTeX Font Info:    ... okay on input line 24.
LaTeX Font Info:    Checking defaults for TS1/cmr/m/n on input line 24.
LaTeX Font Info:    ... okay on input line 24.
LaTeX Font Info:    Checking defaults for OMX/cmex/m/n on input line 24.
LaTeX Font Info:    ... okay on input line 24.
LaTeX Font Info:    Checking defaults for U/cmr/m/n on input line 24.
LaTeX Font Info:    ... okay on input line 24.

-- Lines per column: 56 (exact).
(C:\Users\scheu\AppData\Local\Programs\MiKTeX\tex/context/base/mkii\supp-pdf.mkii
[Loading MPS to PDF converter (version 2006.09.02).]
\scratchcounter=\count275
\scratchdimen=\dimen181
\scratchbox=\box54
\nofMPsegments=\count276
\nofMParguments=\count277
\everyMPshowfont=\toks21
\MPscratchCnt=\count278
\MPscratchDim=\dimen182
\MPnumerator=\count279
\makeMPintoPDFobject=\count280
\everyMPtoPDFconversion=\toks22
) (C:\Users\scheu\AppData\Local\Programs\MiKTeX\tex/latex/epstopdf-pkg\epstopdf-base.sty
Package: epstopdf-base 2020-01-24 v2.11 Base part for package epstopdf
Package epstopdf-base Info: Redefining graphics rule for `.eps' on input line 485.
 (C:\Users\scheu\AppData\Local\Programs\MiKTeX\tex/latex/00miktex\epstopdf-sys.cfg
File: epstopdf-sys.cfg 2021/03/18 v2.0 Configuration of epstopdf for MiKTeX
)) (seminar_content.tex
Underfull \hbox (badness 10000) in paragraph at lines 5--10

 []


Underfull \hbox (badness 1859) in paragraph at lines 5--10
\OT1/ptm/m/n/10 mit his-to-risch ge-wach-se-nen An-wen-dun-gen und Alt-las-ten
 []


Underfull \hbox (badness 6125) in paragraph at lines 5--10
\OT1/ptm/m/n/10 schwer ver[]anderbaren oder nicht verst[]andlichen Co-de.
 []


Underfull \hbox (badness 10000) in paragraph at lines 5--10

 []


Underfull \hbox (badness 10000) in paragraph at lines 5--10
\OT1/ptm/m/n/10 um ei-ne Lauf-zeit-um-ge-bung mit-tels Soft-wa-re zu
 []


Underfull \hbox (badness 4205) in paragraph at lines 5--10
\OT1/ptm/m/n/10 vir-tua-li-sie-ren. Hierf[]ur wird oft Do-cker ver-wen-det, ein
 []


Underfull \hbox (badness 5637) in paragraph at lines 5--10
\OT1/ptm/m/n/10 l[]asst sich fol-gen-der-ma-^^Yen er-kl[]aren: Im Ge-gen-satz zu
 []


Underfull \hbox (badness 2326) in paragraph at lines 5--10
\OT1/ptm/m/n/10 f[]ur die Soft-wa-re er-for-der-li-chen Abh[]angigkeiten be-sit-zen
 []


Underfull \hbox (badness 1584) in paragraph at lines 5--10
\OT1/ptm/m/n/10 und nicht den ge-sam-ten Over-head ei-ner Vir-tua-li-sie-rung.
 []


Underfull \hbox (badness 10000) in paragraph at lines 5--10

 []


Underfull \hbox (badness 10000) in paragraph at lines 5--10

 []

<gfx/vm vs container.png, id=1, 511.15968pt x 329.73187pt>
File: gfx/vm vs container.png Graphic file (type png)
<use gfx/vm vs container.png>
Package pdftex.def Info: gfx/vm vs container.png  used on input line 12.
(pdftex.def)             Requested size: 252.0pt x 162.55615pt.

Underfull \hbox (badness 7888) in paragraph at lines 16--17
\OT1/ptm/m/n/10 und Con-tai-ne-ri-sie-rung, wo-bei die Vir-tua-li-sie-rung ei-ne
 []


Underfull \hbox (badness 10000) in paragraph at lines 16--17
\OT1/ptm/m/n/10 kom-plet-te In-stanz ei-nes Be-triebs-sys-tems er-for-dert,
 []


Underfull \hbox (badness 10000) in paragraph at lines 16--17
\OT1/ptm/m/n/10 Abh[]angigkeiten und Res-sour-cen f[]ur die spe-zi-fi-sche
 []


Underfull \hbox (badness 7504) in paragraph at lines 16--17
\OT1/ptm/m/n/10 An-wen-dung be-reit-stellt. Dies f[]uhrt zu ei-ner h[]oheren
 []


Underfull \hbox (badness 10000) in paragraph at lines 16--17

 []


Underfull \hbox (badness 10000) in paragraph at lines 18--19
[]\OT1/ptm/m/n/10 Ein wei-te-rer Vor-teil der Con-tai-ne-ri-sie-rung ist die
 []


Underfull \hbox (badness 10000) in paragraph at lines 18--19
\OT1/ptm/m/n/10 M[]oglichkeit, Legacy-Software in ei-nem Con-tai-ner
 []


Underfull \hbox (badness 3118) in paragraph at lines 18--19
\OT1/ptm/m/n/10 aus-zuf[]uhren, oh-ne dass die Not-wen-dig-keit be-steht, die
 []


Underfull \hbox (badness 10000) in paragraph at lines 18--19

 []

<gfx/Dockerfile.png, id=3, 313.17pt x 82.80937pt>
File: gfx/Dockerfile.png Graphic file (type png)
<use gfx/Dockerfile.png>
Package pdftex.def Info: gfx/Dockerfile.png  used on input line 21.
(pdftex.def)             Requested size: 252.0pt x 66.63675pt.

LaTeX Warning: `h' float specifier changed to `ht'.

[1{C:/Users/scheu/AppData/Local/MiKTeX/fonts/map/pdftex/pdftex.map}


 <./gfx/vm vs container.png>]
Underfull \hbox (badness 10000) in paragraph at lines 35--36

 []

LaTeX Font Info:    External font `cmex10' loaded for size
(Font)              <7> on input line 40.
LaTeX Font Info:    External font `cmex10' loaded for size
(Font)              <5> on input line 40.

Underfull \hbox (badness 10000) in paragraph at lines 38--40

 []


Underfull \hbox (badness 2762) in paragraph at lines 40--41
[]\OT1/ptm/m/n/10 Der Sour-ce Co-de ist vor-lie-gend und man
 []


Underfull \hbox (badness 10000) in paragraph at lines 40--41
\OT1/ptm/m/n/10 hat so-gar die M[]oglichkeit, []Anderungen
 []


Underfull \hbox (badness 10000) in paragraph at lines 40--41

 []


Underfull \hbox (badness 1983) in paragraph at lines 41--42
[]\OT1/ptm/m/n/10 Teilweise oder ganz vor-lie-gend, aber kei-ne
 []


Underfull \hbox (badness 10000) in paragraph at lines 41--42

 []


Underfull \hbox (badness 10000) in paragraph at lines 42--44

 []


Underfull \hbox (badness 3449) in paragraph at lines 45--46
\OT1/ptm/m/n/10 sind, das zu be-die-nen ist. Der Mehr-auf-wand,
 []


Underfull \hbox (badness 10000) in paragraph at lines 45--46

 []


Underfull \hbox (badness 7540) in paragraph at lines 46--47
\OT1/ptm/m/n/10 Hierf[]ur m[]ussten dann al-le In-stal-la-ti-ons-schrit-te
 []


Underfull \hbox (badness 10000) in paragraph at lines 46--47

 []


Underfull \hbox (badness 1789) in paragraph at lines 47--48
\OT1/ptm/m/n/10 Je nach Soft-wa-re kann es sein, dass spe-zi-el-le
 []


Underfull \hbox (badness 5036) in paragraph at lines 47--48
\OT1/ptm/m/n/10 in den Con-tai-ner in-te-griert wer-den. Es kann
 []


Underfull \hbox (badness 10000) in paragraph at lines 47--48
\OT1/ptm/m/n/10 Hardware-Konfigurationen, Mac-Adressen oder
 []


Underfull \hbox (badness 4595) in paragraph at lines 47--48
[]\OT1/ptm/m/n/10 ahnliches er-stellt wur-den und nur f[]ur die-sen
 []


Underfull \hbox (badness 10000) in paragraph at lines 47--48

 []


Underfull \hbox (badness 10000) in paragraph at lines 47--48

 []


Underfull \hbox (badness 2253) in paragraph at lines 49--50
\OT1/ptm/m/n/10 Oftmals ver-ar-bei-ten Pro-gram-me Da-ten, die auf
 []


Underfull \hbox (badness 2478) in paragraph at lines 49--50
\OT1/ptm/m/n/10 ex-ter-nen Da-ten-tr[]agern ge-spei-chert wer-den. Dies
 []


Underfull \hbox (badness 4229) in paragraph at lines 49--50
\OT1/ptm/m/n/10 ein-fach zug[]anglich oder mi-grier-bar sind. Hier
 []


Underfull \hbox (badness 2772) in paragraph at lines 49--50
\OT1/ptm/m/n/10 ist es wich-tig, si-cher-zu-stel-len, dass die Da-ten
 []


Underfull \hbox (badness 10000) in paragraph at lines 49--50

 []


Underfull \hbox (badness 10000) in paragraph at lines 50--51

 []


Underfull \vbox (badness 10000) has occurred while \output is active []

 [2 <./gfx/Dockerfile.png>]
Underfull \hbox (badness 10000) in paragraph at lines 56--57

 []


Underfull \hbox (badness 3407) in paragraph at lines 59--62
\OT1/ptm/m/n/10 Dies ist sehr un-pro-ble-ma-tisch, man kann das
 []


Underfull \hbox (badness 1383) in paragraph at lines 59--62
\OT1/ptm/m/n/10 Ver-hal-ten der Soft-wa-re nach-voll-zie-hen und ggf.
 []


Underfull \hbox (badness 10000) in paragraph at lines 59--62

 []


Underfull \hbox (badness 10000) in paragraph at lines 59--62
\OT1/ptm/m/n/10 Hier las-sen sich zwar kei-ne []Anderungen
 []


Underfull \hbox (badness 10000) in paragraph at lines 59--62
\OT1/ptm/m/n/10 vor-neh-men, aber man kann ent-spre-chend
 []


Underfull \hbox (badness 10000) in paragraph at lines 59--62
\OT1/ptm/m/n/10 der Do-ku-men-ta-ti-ons-qua-lit[]at das Ver-hal-ten
 []


Underfull \hbox (badness 10000) in paragraph at lines 59--62
\OT1/ptm/m/n/10 nach-voll-zie-hen und sich dar-auf ent-spre-chend
 []


Underfull \hbox (badness 10000) in paragraph at lines 59--62

 []


Underfull \hbox (badness 10000) in paragraph at lines 59--62
\OT1/ptm/m/n/10 Da we-der Sour-ce-co-de noch Do-ku-men-ta-ti-on
 []


Underfull \hbox (badness 10000) in paragraph at lines 59--62
\OT1/ptm/m/n/10 vor-han-den, gibt es hier lei-der nur zwei
 []


Underfull \hbox (badness 3965) in paragraph at lines 59--62
\OT1/ptm/m/n/10 M[]oglichkeiten. Den Her-stel-ler zu Ra-te zie-hen
 []


Underfull \hbox (badness 4954) in paragraph at lines 59--62
\OT1/ptm/m/n/10 En-gi-nee-ring [3] (Ach-tung: kann straf-recht-li-che
 []


Underfull \hbox (badness 10000) in paragraph at lines 59--62

 []


Underfull \hbox (badness 10000) in paragraph at lines 59--62

 []


Underfull \hbox (badness 8056) in paragraph at lines 62--63
\OT1/ptm/m/n/10 be-schrie-ben, macht es nat[]urlich we-nig Sinn,
 []


Underfull \hbox (badness 6910) in paragraph at lines 62--63
\OT1/ptm/m/n/10 da im-mer noch Per-so-nal ben[]otigt wird, um
 []


Underfull \hbox (badness 1533) in paragraph at lines 62--63
\OT1/ptm/m/n/10 es zu be-die-nen und der Mehr-auf-wand dies zu
 []


Underfull \hbox (badness 10000) in paragraph at lines 62--63
\OT1/ptm/m/n/10 be-werk-stel-li-gen h[]oher als der Nut-zen w[]are.
 []


Underfull \hbox (badness 10000) in paragraph at lines 62--63

 []


Underfull \hbox (badness 10000) in paragraph at lines 62--63

 []


Underfull \hbox (badness 3039) in paragraph at lines 63--64
\OT1/ptm/m/n/10 Auch hier ist es []au^^Yerst pro-ble-ma-tisch, wenn
 []


Underfull \hbox (badness 4217) in paragraph at lines 63--64
\OT1/ptm/m/n/10 Soft-wa-re []uber ei-ne In-stal-la-ti-ons-rou-ti-ne verf[]ugt,
 []


Underfull \hbox (badness 7344) in paragraph at lines 63--64
\OT1/ptm/m/n/10 Li-ne In-ter-face. F[]ur die \OT1/ptm/b/n/10 Win-dows Mi-cro-soft
 []


Underfull \hbox (badness 3482) in paragraph at lines 63--64
\OT1/ptm/b/n/10 Mi-cro-soft Stan-dard In-stal-ler Command-Line
 []


Underfull \hbox (badness 10000) in paragraph at lines 63--64

 []


Underfull \hbox (badness 10000) in paragraph at lines 63--64

 []


Underfull \hbox (badness 5475) in paragraph at lines 64--65
\OT1/ptm/m/n/10 da ein Con-tai-ner nicht end-los an-pass-bar ist.
 []


Underfull \hbox (badness 1721) in paragraph at lines 64--65
\OT1/ptm/m/n/10 sinn-voll sein, spe-zi-el-le Hardware-Abh[]angigkeiten
 []


Underfull \hbox (badness 4886) in paragraph at lines 64--65
\OT1/ptm/m/n/10 er-for-dert je-doch ei-ne gr[]undliche Ana-ly-se und
 []


Underfull \hbox (badness 2512) in paragraph at lines 64--65
\OT1/ptm/m/n/10 kor-rekt funk-tio-niert und die Per-for-man-ce nicht
 []


Underfull \hbox (badness 10000) in paragraph at lines 64--65
\OT1/ptm/m/n/10 be-ein-tr[]achtigt wird. Ei-ne wei-te-re M[]oglichkeit
 []


Underfull \hbox (badness 10000) in paragraph at lines 64--65

 []


Underfull \hbox (badness 10000) in paragraph at lines 64--65

 []


Underfull \hbox (badness 4242) in paragraph at lines 65--66
\OT1/ptm/m/n/10 Da Con-tai-ner an sich zu-stands-los sind, w[]are
 []


Underfull \hbox (badness 2790) in paragraph at lines 65--66
\OT1/ptm/m/n/10 es []au^^Yerst un-vor-teil-haft, wenn al-le Da-ten, die
 []


Underfull \hbox (badness 1776) in paragraph at lines 65--66
\OT1/ptm/m/n/10 ver-lo-ren gin-gen. Um die-ses Pro-blem zu l[]osen,
 []


Underfull \hbox (badness 6708) in paragraph at lines 65--66
\OT1/ptm/m/n/10 an Con-tai-ner an-bin-den kann. Die-se Me-tho-de
 []


Underfull \hbox (badness 3019) in paragraph at lines 65--66
\OT1/ptm/m/n/10 der Ver-wen-dung von Con-tai-nern sorgf[]altig die
 []


Underfull \hbox (badness 10000) in paragraph at lines 65--66

 []


Underfull \hbox (badness 10000) in paragraph at lines 65--66

 []

[3] (persona.tex
Underfull \hbox (badness 2495) in paragraph at lines 76--1
[]\OT1/ptm/m/n/10 Insgesamt zeigt die-se Ar-beit, dass die Con-tai-ne-ri-sie-
 []


Underfull \hbox (badness 2547) in paragraph at lines 76--1
\OT1/ptm/m/n/10 schr[]ankungen er-folg-reich durch-gef[]uhrt wer-den kann. Es
 []

)) (Andreas Scheuer 3849139.bbl
LaTeX Font Info:    External font `cmex10' loaded for size
(Font)              <8> on input line 26.
LaTeX Font Info:    External font `cmex10' loaded for size
(Font)              <6> on input line 26.

Underfull \hbox (badness 5578) in paragraph at lines 37--41
[]\OT1/ptm/m/n/8 Microsoft, ``Mi-cro-soft stan-dard in-stal-ler command-line op-tio-nen,''
 []


Underfull \hbox (badness 10000) in paragraph at lines 37--41
\OT1/ptm/m/n/8 Web-si-te, on-li-ne erh[]altlich un-ter $https : / / learn . microsoft . com / de-[]de /
 []

)

** Conference Paper **
Before submitting the final camera ready copy, remember to:

 1. Manually equalize the lengths of two columns on the last page
 of your paper;

 2. Ensure that any PostScript and/or PDF output post-processing
 uses only Type 1 fonts and that every step in the generation
 process uses the appropriate paper size.

[4] (Andreas Scheuer 3849139.aux) ) 
Here is how much of TeX's memory you used:
 3767 strings out of 475385
 69446 string characters out of 2776906
 434793 words of memory out of 3000000
 25103 multiletter control sequences out of 15000+600000
 501556 words of font info for 83 fonts, out of 8000000 for 9000
 1144 hyphenation exceptions out of 8191
 55i,8n,62p,1684b,348s stack positions out of 10000i,1000n,20000p,200000b,80000s
{C:/Users/scheu/AppData/Local/Programs/MiKTeX/fonts/enc/dvips/base/8r.enc}<C:/Users/scheu/AppData/Local/Programs/MiKTeX/fonts/type1/urw/times/utmb8a.pfb><C:/Users/scheu/AppData/Local/Programs/MiKTeX/fonts/type1/urw/times/utmbi8a.pfb><C:/Users/scheu/AppData/Local/Programs/MiKTeX/fonts/type1/urw/times/utmr8a.pfb><C:/Users/scheu/AppData/Local/Programs/MiKTeX/fonts/type1/urw/times/utmri8a.pfb>
Output written on "Andreas Scheuer 3849139.pdf" (4 pages, 118754 bytes).
PDF statistics:
 41 PDF objects out of 1000 (max. 8388607)
 0 named destinations out of 1000 (max. 500000)
 11 words of extra memory for PDF output out of 10000 (max. 10000000)

